<?xml version="1.0" encoding="UTF-8"?>
<!-- Generated by org.testng.reporters.JUnitReportReporter -->
<testsuite hostname="fromAtoBs-MBP" failures="0" tests="5" name="com.atob.qa.tests.testclass" time="2.805" errors="1" timestamp="25 Sep 2019 11:57:24 GMT" skipped="0">
  <testcase classname="com.atob.qa.tests.testclass" name="printDayOfTheWeek" time="0.001"/>
  <testcase classname="com.atob.qa.tests.testclass" name="switchstatment" time="0.001"/>
  <testcase classname="com.atob.qa.tests.testclass" name="DayofTheWeekChallenge" time="0.015"/>
  <testcase classname="com.atob.qa.tests.testclass" name="iLeapYear" time="0.003"/>
  <testcase classname="com.atob.qa.tests.testclass" name="helloWorld" time="2.785">
    <error message="session not created: This version of ChromeDriver only supports Chrome version 75
Build info: version: &#039;3.141.59&#039;, revision: &#039;e82be7d358&#039;, time: &#039;2018-11-14T08:17:03&#039;
System info: host: &#039;fromAtoBs-MBP&#039;, ip: &#039;fe80:0:0:0:4f3:609e:8f55:bc18%en0&#039;, os.name: &#039;Mac OS X&#039;, os.arch: &#039;x86_64&#039;, os.version: &#039;10.14.5&#039;, java.version: &#039;11&#039;
Driver info: driver.version: ChromeDriver
remote stacktrace: 0   chromedriver                        0x0000000100e84319 chromedriver + 3597081
1   chromedriver                        0x0000000100e13f73 chromedriver + 3137395
2   chromedriver                        0x0000000100bbfc6f chromedriver + 695407
3   chromedriver                        0x0000000100b2d9eb chromedriver + 96747
4   chromedriver                        0x0000000100b29a98 chromedriver + 80536
5   chromedriver                        0x0000000100b560b9 chromedriver + 262329
6   chromedriver                        0x0000000100b536d3 chromedriver + 251603
7   chromedriver                        0x0000000100b2fa6a chromedriver + 105066
8   chromedriver                        0x0000000100b30ac5 chromedriver + 109253
9   chromedriver                        0x0000000100e42f85 chromedriver + 3329925
10  chromedriver                        0x0000000100e4e890 chromedriver + 3377296
11  chromedriver                        0x0000000100e4e628 chromedriver + 3376680
12  chromedriver                        0x0000000100e22769 chromedriver + 3196777
13  chromedriver                        0x0000000100e4f108 chromedriver + 3379464
14  chromedriver                        0x0000000100e36957 chromedriver + 3279191
15  chromedriver                        0x0000000100e6ba94 chromedriver + 3496596
16  chromedriver                        0x0000000100e8a047 chromedriver + 3620935
17  libsystem_pthread.dylib             0x00007fff6d9db2eb _pthread_body + 126
18  libsystem_pthread.dylib             0x00007fff6d9de249 _pthread_start + 66
19  libsystem_pthread.dylib             0x00007fff6d9da40d thread_start + 13
" type="org.openqa.selenium.SessionNotCreatedException">
      <![CDATA[org.openqa.selenium.SessionNotCreatedException: session not created: This version of ChromeDriver only supports Chrome version 75
Build info: version: '3.141.59', revision: 'e82be7d358', time: '2018-11-14T08:17:03'
System info: host: 'fromAtoBs-MBP', ip: 'fe80:0:0:0:4f3:609e:8f55:bc18%en0', os.name: 'Mac OS X', os.arch: 'x86_64', os.version: '10.14.5', java.version: '11'
Driver info: driver.version: ChromeDriver
remote stacktrace: 0   chromedriver                        0x0000000100e84319 chromedriver + 3597081
1   chromedriver                        0x0000000100e13f73 chromedriver + 3137395
2   chromedriver                        0x0000000100bbfc6f chromedriver + 695407
3   chromedriver                        0x0000000100b2d9eb chromedriver + 96747
4   chromedriver                        0x0000000100b29a98 chromedriver + 80536
5   chromedriver                        0x0000000100b560b9 chromedriver + 262329
6   chromedriver                        0x0000000100b536d3 chromedriver + 251603
7   chromedriver                        0x0000000100b2fa6a chromedriver + 105066
8   chromedriver                        0x0000000100b30ac5 chromedriver + 109253
9   chromedriver                        0x0000000100e42f85 chromedriver + 3329925
10  chromedriver                        0x0000000100e4e890 chromedriver + 3377296
11  chromedriver                        0x0000000100e4e628 chromedriver + 3376680
12  chromedriver                        0x0000000100e22769 chromedriver + 3196777
13  chromedriver                        0x0000000100e4f108 chromedriver + 3379464
14  chromedriver                        0x0000000100e36957 chromedriver + 3279191
15  chromedriver                        0x0000000100e6ba94 chromedriver + 3496596
16  chromedriver                        0x0000000100e8a047 chromedriver + 3620935
17  libsystem_pthread.dylib             0x00007fff6d9db2eb _pthread_body + 126
18  libsystem_pthread.dylib             0x00007fff6d9de249 _pthread_start + 66
19  libsystem_pthread.dylib             0x00007fff6d9da40d thread_start + 13

at java.base/jdk.internal.reflect.NativeConstructorAccessorImpl.newInstance0(Native Method)
at java.base/jdk.internal.reflect.NativeConstructorAccessorImpl.newInstance(NativeConstructorAccessorImpl.java:62)
at java.base/jdk.internal.reflect.DelegatingConstructorAccessorImpl.newInstance(DelegatingConstructorAccessorImpl.java:45)
at java.base/java.lang.reflect.Constructor.newInstance(Constructor.java:490)
at org.openqa.selenium.remote.W3CHandshakeResponse.lambda$errorHandler$0(W3CHandshakeResponse.java:62)
at org.openqa.selenium.remote.HandshakeResponse.lambda$getResponseFunction$0(HandshakeResponse.java:30)
at org.openqa.selenium.remote.ProtocolHandshake.lambda$createSession$0(ProtocolHandshake.java:126)
at java.base/java.util.stream.ReferencePipeline$3$1.accept(ReferencePipeline.java:195)
at java.base/java.util.Spliterators$ArraySpliterator.tryAdvance(Spliterators.java:958)
at java.base/java.util.stream.ReferencePipeline.forEachWithCancel(ReferencePipeline.java:127)
at java.base/java.util.stream.AbstractPipeline.copyIntoWithCancel(AbstractPipeline.java:502)
at java.base/java.util.stream.AbstractPipeline.copyInto(AbstractPipeline.java:488)
at java.base/java.util.stream.AbstractPipeline.wrapAndCopyInto(AbstractPipeline.java:474)
at java.base/java.util.stream.FindOps$FindOp.evaluateSequential(FindOps.java:150)
at java.base/java.util.stream.AbstractPipeline.evaluate(AbstractPipeline.java:234)
at java.base/java.util.stream.ReferencePipeline.findFirst(ReferencePipeline.java:543)
at org.openqa.selenium.remote.ProtocolHandshake.createSession(ProtocolHandshake.java:128)
at org.openqa.selenium.remote.ProtocolHandshake.createSession(ProtocolHandshake.java:74)
at org.openqa.selenium.remote.HttpCommandExecutor.execute(HttpCommandExecutor.java:136)
at org.openqa.selenium.remote.service.DriverCommandExecutor.execute(DriverCommandExecutor.java:83)
at org.openqa.selenium.remote.RemoteWebDriver.execute(RemoteWebDriver.java:552)
at org.openqa.selenium.remote.RemoteWebDriver.startSession(RemoteWebDriver.java:213)
at org.openqa.selenium.remote.RemoteWebDriver.<init>(RemoteWebDriver.java:131)
at org.openqa.selenium.chrome.ChromeDriver.<init>(ChromeDriver.java:181)
at org.openqa.selenium.chrome.ChromeDriver.<init>(ChromeDriver.java:168)
at org.openqa.selenium.chrome.ChromeDriver.<init>(ChromeDriver.java:123)
at com.atob.qa.base.TestBase.initialization(TestBase.java:49)
at com.atob.qa.tests.testclass.helloWorld(testclass.java:25)
at java.base/jdk.internal.reflect.NativeMethodAccessorImpl.invoke0(Native Method)
at java.base/jdk.internal.reflect.NativeMethodAccessorImpl.invoke(NativeMethodAccessorImpl.java:62)
at java.base/jdk.internal.reflect.DelegatingMethodAccessorImpl.invoke(DelegatingMethodAccessorImpl.java:43)
at java.base/java.lang.reflect.Method.invoke(Method.java:566)
at org.testng.internal.MethodInvocationHelper.invokeMethod(MethodInvocationHelper.java:124)
at org.testng.internal.Invoker.invokeMethod(Invoker.java:583)
at org.testng.internal.Invoker.invokeTestMethod(Invoker.java:719)
at org.testng.internal.Invoker.invokeTestMethods(Invoker.java:989)
at org.testng.internal.TestMethodWorker.invokeTestMethods(TestMethodWorker.java:125)
at org.testng.internal.TestMethodWorker.run(TestMethodWorker.java:109)
at org.testng.TestRunner.privateRun(TestRunner.java:648)
at org.testng.TestRunner.run(TestRunner.java:505)
at org.testng.SuiteRunner.runTest(SuiteRunner.java:455)
at org.testng.SuiteRunner.runSequentially(SuiteRunner.java:450)
at org.testng.SuiteRunner.privateRun(SuiteRunner.java:415)
at org.testng.SuiteRunner.run(SuiteRunner.java:364)
at org.testng.SuiteRunnerWorker.runSuite(SuiteRunnerWorker.java:52)
at org.testng.SuiteRunnerWorker.run(SuiteRunnerWorker.java:84)
at org.testng.TestNG.runSuitesSequentially(TestNG.java:1208)
at org.testng.TestNG.runSuitesLocally(TestNG.java:1137)
at org.testng.TestNG.runSuites(TestNG.java:1049)
at org.testng.TestNG.run(TestNG.java:1017)
at org.testng.remote.AbstractRemoteTestNG.run(AbstractRemoteTestNG.java:114)
at org.testng.remote.RemoteTestNG.initAndRun(RemoteTestNG.java:251)
at org.testng.remote.RemoteTestNG.main(RemoteTestNG.java:77)
]]>
    </error>
  </testcase> <!-- helloWorld -->
</testsuite> <!-- com.atob.qa.tests.testclass -->
